<?xml version="1.0" encoding="UTF-8"?>
<Site BuildName="(empty)"
	BuildStamp="20251005-2153-Experimental"
	Name="(empty)"
	Generator="ctest-3.28.1"
	CompilerName=""
	CompilerVersion=""
	OSName="macOS"
	Hostname="wifi-10-41-132-97.wifi.berkeley.edu"
	OSRelease="15.6.1"
	OSVersion="24G90"
	OSPlatform="arm64"
	Is64Bits="1"
	VendorString="IBM"
	VendorID="IBM"
	FamilyID="16777228"
	ModelID="2"
	ProcessorCacheSize="131072"
	NumberOfLogicalCPU="12"
	NumberOfPhysicalCPU="12"
	TotalVirtualMemory="0"
	TotalPhysicalMemory="36864"
	LogicalProcessorsPerPhysical="12"
	ProcessorClockFrequency="0"
	>
	<Testing>
		<StartDateTime>Oct 05 14:53 PDT</StartDateTime>
		<StartTestTime>1759701210</StartTestTime>
		<TestList/>
		<EndDateTime>Oct 05 14:53 PDT</EndDateTime>
		<EndTestTime>1759701210</EndTestTime>
		<ElapsedMinutes>0</ElapsedMinutes>
	</Testing>
</Site>
